<?xml version="1.0" encoding="UTF-8"?>
<TestRun id="82153c57-b0a8-4956-b805-5f914b2d2b76" name="daniel3006@DANIEL3006-PC 2011-03-09 09:27:25" runUser="daniel3006-PC\daniel3006" xmlns="http://microsoft.com/schemas/VisualStudio/TeamTest/2010">
  <TestSettings name="Local" id="bd989ea3-4670-44b6-b57b-e36bfaf68974">
    <Description>These are default test settings for a local test run.</Description>
    <Deployment enabled="false" runDeploymentRoot="daniel3006_DANIEL3006-PC 2011-03-09 09_27_25">
      <DeploymentItem filename="C:\Users\daniel3006\-=( Skole )=-\-=( 3. Semester DM71 )=-\TemaXP\TemaXP-DM71-Group1\TemaXP-DM71-Group1\bin\Debug\TemaXP-DM71-Group1.exe" />
    </Deployment>
    <Execution>
      <TestTypeSpecific />
      <AgentRule name="Execution Agents">
      </AgentRule>
    </Execution>
  </TestSettings>
  <Times creation="2011-03-09T09:27:25.9647419+01:00" queuing="2011-03-09T09:27:27.4958238+01:00" start="2011-03-09T09:27:27.5988297+01:00" finish="2011-03-09T09:27:28.3154682+01:00" />
  <ResultSummary outcome="Completed">
    <Counters total="1" executed="1" passed="1" error="0" failed="0" timeout="0" aborted="0" inconclusive="0" passedButRunAborted="0" notRunnable="0" notExecuted="0" disconnected="0" warning="0" completed="0" inProgress="0" pending="0" />
  </ResultSummary>
  <TestDefinitions>
    <UnitTest name="TestMethod1" storage="c:\users\daniel3006\-=( skole )=-\-=( 3. semester dm71 )=-\temaxp\temaxp-dm71-group1\testcinemas\bin\debug\testcinemas.dll" id="94ee1d74-d3cc-a399-bdfa-f37927be8286">
      <Execution id="cfe80335-4c3b-4cb1-98d8-185b81121b7e" />
      <TestMethod codeBase="C:/Users/daniel3006/-=( Skole )=-/-=( 3. Semester DM71 )=-/TemaXP/TemaXP-DM71-Group1/TestCinemas/bin/Debug/TestCinemas.DLL" adapterTypeName="Microsoft.VisualStudio.TestTools.TestTypes.Unit.UnitTestAdapter, Microsoft.VisualStudio.QualityTools.Tips.UnitTest.Adapter, Version=10.0.0.0, Culture=neutral, PublicKeyToken=b03f5f7f11d50a3a" className="TestProject.TestProject, TestCinemas, Version=1.0.0.0, Culture=neutral, PublicKeyToken=null" name="TestMethod1" />
    </UnitTest>
  </TestDefinitions>
  <TestLists>
    <TestList name="Results Not in a List" id="8c84fa94-04c1-424b-9868-57a2d4851a1d" />
    <TestList name="All Loaded Results" id="19431567-8539-422a-85d7-44ee4e166bda" />
  </TestLists>
  <TestEntries>
    <TestEntry testId="94ee1d74-d3cc-a399-bdfa-f37927be8286" executionId="cfe80335-4c3b-4cb1-98d8-185b81121b7e" testListId="8c84fa94-04c1-424b-9868-57a2d4851a1d" />
  </TestEntries>
  <Results>
    <UnitTestResult executionId="cfe80335-4c3b-4cb1-98d8-185b81121b7e" testId="94ee1d74-d3cc-a399-bdfa-f37927be8286" testName="TestMethod1" computerName="DANIEL3006-PC" duration="00:00:00.0318182" startTime="2011-03-09T09:27:27.6148307+01:00" endTime="2011-03-09T09:27:28.1578617+01:00" testType="13cdc9d9-ddb5-4fa4-a97d-d965ccfc6d4b" outcome="Passed" testListId="8c84fa94-04c1-424b-9868-57a2d4851a1d" relativeResultsDirectory="cfe80335-4c3b-4cb1-98d8-185b81121b7e">
      <Output>
        <StdOut>tester vi kan indsætte data</StdOut>
      </Output>
    </UnitTestResult>
  </Results>
</TestRun>